  commun.cpp
  joueur.cpp
  main.cpp
  menu.cpp
  partie.cpp
  T2d.cpp
C:\Users\Adrien Jallais\Documents\Algo\Puissance4\menu.cpp(134,77): warning C4018: '>' : incompatibilité signed/unsigned
C:\Users\Adrien Jallais\Documents\Algo\Puissance4\T2d.cpp(59,28): warning C4018: '<=' : incompatibilité signed/unsigned
C:\Users\Adrien Jallais\Documents\Algo\Puissance4\T2d.cpp(64,27): warning C4018: '<=' : incompatibilité signed/unsigned
C:\Users\Adrien Jallais\Documents\Algo\Puissance4\T2d.cpp(142,13): warning C4018: '<=' : incompatibilité signed/unsigned
C:\Users\Adrien Jallais\Documents\Algo\Puissance4\T2d.cpp(196,20): warning C4018: '<=' : incompatibilité signed/unsigned
C:\Users\Adrien Jallais\Documents\Algo\Puissance4\T2d.cpp(207,14): warning C4018: '<=' : incompatibilité signed/unsigned
C:\Users\Adrien Jallais\Documents\Algo\Puissance4\T2d.cpp(233,13): warning C4018: '<' : incompatibilité signed/unsigned
C:\Users\Adrien Jallais\Documents\Algo\Puissance4\T2d.cpp(404,49): warning C4018: '<=' : incompatibilité signed/unsigned
C:\Users\Adrien Jallais\Documents\Algo\Puissance4\T2d.cpp(405,21): warning C4018: '<=' : incompatibilité signed/unsigned
C:\Users\Adrien Jallais\Documents\Algo\Puissance4\T2d.cpp(451,30): warning C4018: '<=' : incompatibilité signed/unsigned
C:\Users\Adrien Jallais\Documents\Algo\Puissance4\T2d.cpp(455,30): warning C4018: '<=' : incompatibilité signed/unsigned
C:\Users\Adrien Jallais\Documents\Algo\Puissance4\T2d.cpp(465,30): warning C4018: '<=' : incompatibilité signed/unsigned
  unittest.cpp
  Compilation en cours...
  Génération de code en cours...
C:\Users\Adrien Jallais\Documents\Algo\Puissance4\T2d.cpp(495,6): warning C4101: 'score' : variable locale non référencée
C:\Users\Adrien Jallais\Documents\Algo\Puissance4\partie.cpp(383): warning C4715: 'menuPartie' : les chemins de contrôle ne retournent pas tous une valeur
  Puissance4.vcxproj -> C:\Users\Adrien Jallais\Documents\Algo\Debug\Puissance4.exe
C:\Users\Adrien Jallais\Documents\Algo\Puissance4\T2d.cpp(21): warning C6386: Dépassement de mémoire tampon lors de l'écriture sur 't->grille' : la taille accessible en écriture est 'largeur*hauteur' octets, mais '2' octets sont peut-être écrits.
C:\Users\Adrien Jallais\Documents\Algo\Puissance4\T2d.cpp(146): warning C6386: Dépassement de mémoire tampon lors de l'écriture sur 'listeCoups' : la taille accessible en écriture est 'largeur+(unsigned int)1' octets, mais '2' octets sont peut-être écrits.
C:\Users\Adrien Jallais\Documents\Algo\Puissance4\T2d.cpp(146): warning C6011: Suppression de la référence du pointeur NULL 'listeCoups'. 
C:\Users\Adrien Jallais\Documents\Algo\Puissance4\T2d.cpp(186): warning C6386: Dépassement de mémoire tampon lors de l'écriture sur 'copie.grille' : la taille accessible en écriture est 'copie.largeur*copie.hauteur' octets, mais '2' octets sont peut-être écrits.
