c:\users\adrien jallais\documents\algo\puissance4\debug\vc142.pdb
c:\users\adrien jallais\documents\algo\puissance4\debug\vc142.idb
c:\users\adrien jallais\documents\algo\puissance4\debug\unittest.obj
c:\users\adrien jallais\documents\algo\puissance4\debug\t2d.obj
c:\users\adrien jallais\documents\algo\puissance4\debug\partie.obj
c:\users\adrien jallais\documents\algo\puissance4\debug\menu.obj
c:\users\adrien jallais\documents\algo\puissance4\debug\main.obj
c:\users\adrien jallais\documents\algo\puissance4\debug\joueur.obj
c:\users\adrien jallais\documents\algo\puissance4\debug\commun.obj
c:\users\adrien jallais\documents\algo\debug\puissance4.ilk
c:\users\adrien jallais\documents\algo\debug\puissance4.exe
c:\users\adrien jallais\documents\algo\debug\puissance4.pdb
c:\users\adrien jallais\documents\algo\puissance4\debug\vcpkg.applocal.log
c:\users\adrien jallais\documents\algo\debug\puissance4.exe.lastcodeanalysissucceeded
c:\users\adrien jallais\documents\algo\puissance4\debug\puissance4.tlog\cl.command.1.tlog
c:\users\adrien jallais\documents\algo\puissance4\debug\puissance4.tlog\cl.read.1.tlog
c:\users\adrien jallais\documents\algo\puissance4\debug\puissance4.tlog\cl.write.1.tlog
c:\users\adrien jallais\documents\algo\puissance4\debug\puissance4.tlog\link.command.1.tlog
c:\users\adrien jallais\documents\algo\puissance4\debug\puissance4.tlog\link.read.1.tlog
c:\users\adrien jallais\documents\algo\puissance4\debug\puissance4.tlog\link.write.1.tlog
c:\users\adrien jallais\documents\algo\puissance4\debug\puissance4.tlog\puissance4.write.1u.tlog
